
Gurobi 12.0.2 (win64) logging started Fri Jun  6 14:26:12 2025

Set parameter LogFile to value "C:\Ioana\_uni\honours\slp\algorithm\Main_files\results\others\prox_tubules_new\Task_006_Sample003_irr_gurobi.log"
Gurobi Optimizer version 12.0.2 build v12.0.2rc0 (win64 - Windows 11.0 (26100.2))

CPU model: Intel(R) Core(TM) Ultra 5 125H, instruction set [SSE2|AVX|AVX2]
Thread count: 14 physical cores, 18 logical processors, using up to 18 threads

Non-default parameters:
TimeLimit  2200

Optimize a model with 47658 rows, 34797 columns and 147844 nonzeros
Model fingerprint: 0xb83cf201
Variable types: 17403 continuous, 17394 integer (17394 binary)
Coefficient statistics:
  Matrix range     [1e-04, 8e+04]
  Objective range  [2e-04, 9e-01]
  Bounds range     [1e+00, 1e+03]
  RHS range        [1e+00, 1e+00]
Presolve removed 31248 rows and 21830 columns
Presolve time: 0.34s
Presolved: 16410 rows, 12967 columns, 54603 nonzeros
Variable types: 6421 continuous, 6546 integer (6546 binary)

Root relaxation: objective 6.051776e-03, 5074 iterations, 0.60 seconds (1.05 work units)

    Nodes    |    Current Node    |     Objective Bounds      |     Work
 Expl Unexpl |  Obj  Depth IntInf | Incumbent    BestBd   Gap | It/Node Time

     0     0    0.00605    0   67          -    0.00605      -     -    1s
H    0     0                      12.3500652    0.00605   100%     -    1s
H    0     0                       3.2035480    0.00605   100%     -    1s
H    0     0                       3.2035480    0.00605   100%     -    1s
     0     0    0.08407    0   45    3.20355    0.08407  97.4%     -    1s
     0     0    0.13122    0   74    3.20355    0.13122  95.9%     -    1s
     0     0    0.15639    0   49    3.20355    0.15639  95.1%     -    2s
     0     0    0.16101    0   51    3.20355    0.16101  95.0%     -    2s
     0     0    0.87719    0   55    3.20355    0.87719  72.6%     -    2s
     0     0    0.87719    0   55    3.20355    0.87719  72.6%     -    2s
H    0     0                       3.1720494    0.87719  72.3%     -    2s
     0     0    0.87719    0   78    3.17205    0.87719  72.3%     -    2s
     0     0    0.87719    0   80    3.17205    0.87719  72.3%     -    3s
     0     0    0.87719    0   83    3.17205    0.87719  72.3%     -    3s
H    0     0                       2.4453761    0.87719  64.1%     -    3s
H    0     0                       2.4322511    0.87719  63.9%     -    3s
H    0     0                       2.3977596    0.87719  63.4%     -    3s
H    0     0                       2.3968800    0.87719  63.4%     -    3s
     0     0    0.88224    0   83    2.39688    0.88224  63.2%     -    3s
     0     0    0.88324    0   88    2.39688    0.88324  63.2%     -    4s
     0     0    0.88324    0   88    2.39688    0.88324  63.2%     -    4s
H    0     0                       2.3901275    0.88324  63.0%     -    4s
     0     2    0.88324    0   88    2.39013    0.88324  63.0%     -    5s
   323    94    2.11942   15  110    2.39013    1.12850  52.8%   205   10s
H  551   127                       2.3901271    1.23595  48.3%   206   13s
   671   133     cutoff   14         2.39013    1.23595  48.3%   196   15s
  1231   167     cutoff   26         2.39013    1.55856  34.8%   167   20s
  2653   621    2.29980   45   10    2.39013    1.93972  18.8%  93.4   25s
  5021  1189    2.38222   33   13    2.39013    2.19867  8.01%  56.1   30s
  7415  1763    2.33765   46    9    2.39013    2.23488  6.50%  42.6   35s
  9605  2172    2.34763   48   10    2.39013    2.26218  5.35%  35.6   40s
 10252  2184    2.26857   11   60    2.39013    2.26857  5.09%  34.5   45s
 10808  2053 infeasible   28         2.39013    2.26857  5.09%  38.8   50s
 12036  2063    2.26857   43   11    2.39013    2.26857  5.09%  36.9   55s
 13463  1926    2.34210   50   10    2.39013    2.26857  5.09%  34.0   60s
 15181  1929     cutoff   51         2.39013    2.27130  4.97%  31.5   65s
 16628  1839     cutoff   45         2.39013    2.28237  4.51%  29.7   70s
 18015  2153    2.32398   40   16    2.39013    2.29014  4.18%  28.2   76s
 19228  2364    2.34703   40   13    2.39013    2.29773  3.87%  27.1   81s
 20205  2504    2.36149   51   11    2.39013    2.29838  3.84%  26.3   85s
 21710  2590    2.36099   45   11    2.39013    2.30160  3.70%  25.4   91s
 22781  2610 infeasible   49         2.39013    2.31031  3.34%  24.6   95s
 24484  2669    2.37004   37    6    2.39013    2.31464  3.16%  23.7  101s
 25724  2699    2.33326   42   14    2.39013    2.31657  3.08%  23.1  105s
 27774  2780     cutoff   44         2.39013    2.32006  2.93%  22.2  112s
 29279  2662     cutoff   42         2.39013    2.32425  2.76%  21.7  117s
 30884  2538    2.37026   43   11    2.39013    2.33343  2.37%  21.2  122s
 31730  2391 infeasible   55         2.39013    2.33667  2.24%  21.0  125s
 33520  1838 infeasible   36         2.39013    2.34292  1.98%  20.5  132s
 34509  1438     cutoff   38         2.39013    2.35053  1.66%  20.3  135s
 36577   465 infeasible   40         2.39013    2.36615  1.00%  19.7  144s
 37625     0    2.38796   46   11    2.39013    2.37518  0.63%  19.4  146s

Cutting planes:
  Cover: 11
  Implied bound: 1
  Flow cover: 29
  Inf proof: 14
  Network: 27

Explored 38241 nodes (740222 simplex iterations) in 147.07 seconds (79.52 work units)
Thread count was 18 (of 18 available processors)

Solution count 9: 2.39013 2.39013 2.39688 ... 12.3501

Optimal solution found (tolerance 1.00e-04)
Best objective 2.390127125203e+00, best bound 2.390127124949e+00, gap 0.0000%
