
Gurobi 12.0.2 (win64) logging started Mon Sep 15 14:20:40 2025

Set parameter LogFile to value "C:\Ioana\_uni\honours\slp\algorithm\Main_files\results\paracetamol with updated samples\Task_004_Sample004_irr_gurobi.log"
Gurobi Optimizer version 12.0.2 build v12.0.2rc0 (win64 - Windows 11.0 (26100.2))

CPU model: Intel(R) Core(TM) Ultra 5 125H, instruction set [SSE2|AVX|AVX2]
Thread count: 14 physical cores, 18 logical processors, using up to 18 threads

Non-default parameters:
TimeLimit  2200

Optimize a model with 47236 rows, 34520 columns and 146730 nonzeros
Model fingerprint: 0x1c95075d
Variable types: 17271 continuous, 17249 integer (17249 binary)
Coefficient statistics:
  Matrix range     [1e-04, 8e+04]
  Objective range  [1e-04, 9e-01]
  Bounds range     [1e+00, 1e+03]
  RHS range        [1e+00, 1e+00]
Found heuristic solution: objective 1.8036726
Presolve removed 32875 rows and 23029 columns
Presolve time: 0.39s
Presolved: 14361 rows, 11491 columns, 46878 nonzeros
Variable types: 5699 continuous, 5792 integer (5792 binary)

Root relaxation: objective 2.719600e-02, 2674 iterations, 0.13 seconds (0.33 work units)

    Nodes    |    Current Node    |     Objective Bounds      |     Work
 Expl Unexpl |  Obj  Depth IntInf | Incumbent    BestBd   Gap | It/Node Time

     0     0    0.02720    0    2    1.80367    0.02720  98.5%     -    0s
H    0     0                       0.9067255    0.02720  97.0%     -    0s
H    0     0                       0.0584844    0.02720  53.5%     -    0s
     0     0    0.02720    0    2    0.05848    0.02720  53.5%     -    0s

Explored 1 nodes (2674 simplex iterations) in 0.60 seconds (0.79 work units)
Thread count was 18 (of 18 available processors)

Solution count 3: 0.0584844 0.906726 1.80367 

Optimal solution found (tolerance 1.00e-04)
Best objective 5.848435311749e-02, best bound 5.848435311749e-02, gap 0.0000%
