
Gurobi 12.0.2 (win64) logging started Tue Jun 10 18:59:44 2025

Set parameter LogFile to value "C:\Ioana\_uni\honours\slp\algorithm\Main_files\results\others\glucogenesis tasks\Task_002_Sample005_irr_gurobi.log"
Gurobi Optimizer version 12.0.2 build v12.0.2rc0 (win64 - Windows 11.0 (26100.2))

CPU model: Intel(R) Core(TM) Ultra 5 125H, instruction set [SSE2|AVX|AVX2]
Thread count: 14 physical cores, 18 logical processors, using up to 18 threads

Non-default parameters:
TimeLimit  2200

Optimize a model with 47226 rows, 34497 columns and 146684 nonzeros
Model fingerprint: 0xc36c9900
Variable types: 17252 continuous, 17245 integer (17245 binary)
Coefficient statistics:
  Matrix range     [1e-04, 8e+04]
  Objective range  [5e-05, 3e+00]
  Bounds range     [1e+00, 1e+03]
  RHS range        [1e+00, 1e+00]
Presolve removed 30824 rows and 21544 columns
Presolve time: 0.32s
Presolved: 16402 rows, 12953 columns, 54577 nonzeros
Variable types: 6410 continuous, 6543 integer (6543 binary)

Root relaxation: objective 9.537677e-06, 64 iterations, 0.02 seconds (0.01 work units)

    Nodes    |    Current Node    |     Objective Bounds      |     Work
 Expl Unexpl |  Obj  Depth IntInf | Incumbent    BestBd   Gap | It/Node Time

     0     0    0.00001    0    2          -    0.00001      -     -    0s
H    0     0                       0.0095377    0.00001   100%     -    0s

Cutting planes:
  Implied bound: 1
  Flow cover: 2
  Relax-and-lift: 1

Explored 1 nodes (64 simplex iterations) in 0.48 seconds (0.51 work units)
Thread count was 18 (of 18 available processors)

Solution count 1: 0.00953768 

Optimal solution found (tolerance 1.00e-04)
Best objective 9.537676984695e-03, best bound 9.537676984695e-03, gap 0.0000%

Gurobi 12.0.2 (win64) logging started Tue Jun 10 20:00:42 2025

Set parameter LogFile to value "C:\Ioana\_uni\honours\slp\algorithm\Main_files\results\others\glucogenesis tasks\Task_002_Sample005_irr_gurobi.log"
Gurobi Optimizer version 12.0.2 build v12.0.2rc0 (win64 - Windows 11.0 (26100.2))

CPU model: Intel(R) Core(TM) Ultra 5 125H, instruction set [SSE2|AVX|AVX2]
Thread count: 14 physical cores, 18 logical processors, using up to 18 threads

Non-default parameters:
TimeLimit  2200

Optimize a model with 47226 rows, 34501 columns and 146688 nonzeros
Model fingerprint: 0x259d9e4a
Variable types: 17256 continuous, 17245 integer (17245 binary)
Coefficient statistics:
  Matrix range     [1e-04, 8e+04]
  Objective range  [5e-05, 3e+00]
  Bounds range     [1e+00, 1e+03]
  RHS range        [1e+00, 1e+00]
Presolve removed 30826 rows and 21548 columns
Presolve time: 0.32s
Presolved: 16400 rows, 12953 columns, 54575 nonzeros
Variable types: 6410 continuous, 6543 integer (6543 binary)

Root relaxation: objective 3.959376e-03, 2961 iterations, 0.24 seconds (0.48 work units)

    Nodes    |    Current Node    |     Objective Bounds      |     Work
 Expl Unexpl |  Obj  Depth IntInf | Incumbent    BestBd   Gap | It/Node Time

     0     0    0.00396    0   39          -    0.00396      -     -    0s
H    0     0                       5.0545994    0.00396   100%     -    0s
H    0     0                       4.7898023    0.00396   100%     -    0s
H    0     0                       4.7503126    0.00396   100%     -    0s
H    0     0                       4.7462706    0.00396   100%     -    0s
H    0     0                       4.5089399    0.00396   100%     -    0s
H    0     0                       3.8798513    0.00396   100%     -    0s
H    0     0                       3.8705490    0.00396   100%     -    0s
H    0     0                       3.8519443    0.00396   100%     -    0s
     0     0    0.87970    0   19    3.85194    0.87970  77.2%     -    1s
     0     0    0.88027    0   42    3.85194    0.88027  77.1%     -    1s
     0     0    0.88027    0   42    3.85194    0.88027  77.1%     -    1s
     0     0    0.88127    0   51    3.85194    0.88127  77.1%     -    2s
     0     0    0.88127    0   50    3.85194    0.88127  77.1%     -    2s
     0     0    0.88141    0   54    3.85194    0.88141  77.1%     -    2s
     0     0    0.88224    0   57    3.85194    0.88224  77.1%     -    2s
     0     0    0.88226    0   57    3.85194    0.88226  77.1%     -    2s
     0     2    0.88226    0   57    3.85194    0.88226  77.1%     -    3s
   198    76    2.53373   16   30    3.85194    0.88226  77.1%  99.3    5s
   871   253     cutoff   26         3.85194    2.05528  46.6%   115   10s
H  893   253                       3.8519443    2.09189  45.7%   115   10s
  1487   284 infeasible   22         3.85194    2.62253  31.9%   143   15s
H 1519   284                       3.8519440    2.63790  31.5%   143   15s
  2334   352     cutoff   55         3.85194    2.97308  22.8%   142   20s
  3893  1004    3.83021   34   22    3.85194    3.77958  1.88%  97.6   26s
  5509  1685    3.82860   43   30    3.85194    3.82507  0.70%  72.5   30s
  5613  1687    3.84266   29    1    3.85194    3.82507  0.70%  74.9   35s
  5929  1641    3.82507   36   51    3.85194    3.82507  0.70%  76.3   40s
  6388  1547    3.82507   34   68    3.85194    3.82507  0.70%  76.0   45s
  6789  1369    3.82507   34   52    3.85194    3.82507  0.70%  77.1   50s
  7765  1525    3.83144   41    8    3.85194    3.82702  0.65%  70.0   55s
  9078  1631    3.83898   54    7    3.85194    3.82815  0.62%  61.1   60s
 10671  1759    3.84342   57    6    3.85194    3.83007  0.57%  53.6   65s
 12224  2355    3.85001   52    7    3.85194    3.83154  0.53%  48.0   70s
 13950  3115    3.84197  113    6    3.85194    3.83277  0.50%  43.1   76s
 15175  3773    3.84288  123    5    3.85194    3.83341  0.48%  40.3   81s
 16407  4209     cutoff   74         3.85194    3.83379  0.47%  37.8   85s
 18344  4561 infeasible   49         3.85194    3.83556  0.43%  34.8   92s
 19789  4819     cutoff   63         3.85194    3.83638  0.40%  32.9   97s
 21054  5051 infeasible   65         3.85194    3.83665  0.40%  31.4  101s
 22602  5165     cutoff   61         3.85194    3.83692  0.39%  29.8  106s
 24170  5347    3.84675   61    8    3.85194    3.83745  0.38%  28.3  112s
 24984  5386    3.85090   99    8    3.85194    3.83777  0.37%  27.7  115s
 26770  5497    3.85016   67    1    3.85194    3.83866  0.34%  26.4  121s
 28605  5426     cutoff   82         3.85194    3.83958  0.32%  25.2  127s
 29558  5389     cutoff   80         3.85194    3.84028  0.30%  24.7  131s
 30569  5340    3.85128   72    6    3.85194    3.84075  0.29%  24.1  135s
 32814  5353     cutoff   86         3.85194    3.84177  0.26%  23.0  142s
 33998  5319    3.84422   60    7    3.85194    3.84217  0.25%  22.4  147s
 35214  5155    3.84678  114    3    3.85194    3.84248  0.25%  21.9  151s
 36601  4910    3.84681   63    8    3.85194    3.84306  0.23%  21.4  155s
 37967  4598     cutoff   64         3.85194    3.84446  0.19%  20.9  160s
 40906  3989     cutoff   49         3.85194    3.84603  0.15%  19.9  169s
 42361  3528    3.84860   52    6    3.85194    3.84671  0.14%  19.5  174s
 43749  2950    3.84872   81   12    3.85194    3.84719  0.12%  19.2  179s
 45218  2212     cutoff  143         3.85194    3.84789  0.11%  18.8  184s
 46620  1436     cutoff  125         3.85194    3.84889  0.08%  18.6  188s
 47829   677     cutoff   65         3.85194    3.84957  0.06%  18.5  193s
 49337     4     cutoff  104         3.85194    3.85046  0.04%  18.1  197s

Cutting planes:
  Cover: 9
  MIR: 5
  Flow cover: 24
  Flow path: 5
  Inf proof: 8
  Network: 9
  Relax-and-lift: 1

Explored 50467 nodes (908330 simplex iterations) in 197.52 seconds (113.47 work units)
Thread count was 18 (of 18 available processors)

Solution count 10: 3.85194 3.85194 3.85194 ... 4.7898

Optimal solution found (tolerance 1.00e-04)
Best objective 3.851944349999e+00, best bound 3.851894574459e+00, gap 0.0013%
