
Gurobi 12.0.2 (win64) logging started Tue Jun 10 18:59:42 2025

Set parameter LogFile to value "C:\Ioana\_uni\honours\slp\algorithm\Main_files\results\others\glucogenesis tasks\Task_002_Sample004_irr_gurobi.log"
Gurobi Optimizer version 12.0.2 build v12.0.2rc0 (win64 - Windows 11.0 (26100.2))

CPU model: Intel(R) Core(TM) Ultra 5 125H, instruction set [SSE2|AVX|AVX2]
Thread count: 14 physical cores, 18 logical processors, using up to 18 threads

Non-default parameters:
TimeLimit  2200

Optimize a model with 47226 rows, 34497 columns and 146684 nonzeros
Model fingerprint: 0x0e200b52
Variable types: 17252 continuous, 17245 integer (17245 binary)
Coefficient statistics:
  Matrix range     [1e-04, 8e+04]
  Objective range  [1e-04, 3e+00]
  Bounds range     [1e+00, 1e+03]
  RHS range        [1e+00, 1e+00]
Presolve removed 30826 rows and 21544 columns
Presolve time: 0.31s
Presolved: 16400 rows, 12953 columns, 54573 nonzeros
Variable types: 6410 continuous, 6543 integer (6543 binary)

Root relaxation: objective 2.407562e-04, 47 iterations, 0.00 seconds (0.01 work units)

    Nodes    |    Current Node    |     Objective Bounds      |     Work
 Expl Unexpl |  Obj  Depth IntInf | Incumbent    BestBd   Gap | It/Node Time

     0     0    0.00024    0    2          -    0.00024      -     -    0s
H    0     0                       0.2407562    0.00024   100%     -    0s
     0     0    0.00024    0    2    0.24076    0.00024   100%     -    0s

Explored 1 nodes (47 simplex iterations) in 0.45 seconds (0.47 work units)
Thread count was 18 (of 18 available processors)

Solution count 1: 0.240756 

Optimal solution found (tolerance 1.00e-04)
Best objective 2.407562279835e-01, best bound 2.407562279835e-01, gap 0.0000%

Gurobi 12.0.2 (win64) logging started Tue Jun 10 19:57:49 2025

Set parameter LogFile to value "C:\Ioana\_uni\honours\slp\algorithm\Main_files\results\others\glucogenesis tasks\Task_002_Sample004_irr_gurobi.log"
Gurobi Optimizer version 12.0.2 build v12.0.2rc0 (win64 - Windows 11.0 (26100.2))

CPU model: Intel(R) Core(TM) Ultra 5 125H, instruction set [SSE2|AVX|AVX2]
Thread count: 14 physical cores, 18 logical processors, using up to 18 threads

Non-default parameters:
TimeLimit  2200

Optimize a model with 47226 rows, 34501 columns and 146688 nonzeros
Model fingerprint: 0xc70dc109
Variable types: 17256 continuous, 17245 integer (17245 binary)
Coefficient statistics:
  Matrix range     [1e-04, 8e+04]
  Objective range  [1e-04, 3e+00]
  Bounds range     [1e+00, 1e+03]
  RHS range        [1e+00, 1e+00]
Presolve removed 30779 rows and 21548 columns
Presolve time: 0.34s
Presolved: 16447 rows, 12953 columns, 54664 nonzeros
Variable types: 6410 continuous, 6543 integer (6543 binary)

Root relaxation: objective 3.979628e-03, 2484 iterations, 0.17 seconds (0.30 work units)

    Nodes    |    Current Node    |     Objective Bounds      |     Work
 Expl Unexpl |  Obj  Depth IntInf | Incumbent    BestBd   Gap | It/Node Time

     0     0    0.00398    0   37          -    0.00398      -     -    0s
H    0     0                       5.0943070    0.00398   100%     -    0s
H    0     0                       4.7618611    0.00398   100%     -    0s
H    0     0                       4.7377109    0.00398   100%     -    0s
H    0     0                       4.7326959    0.00398   100%     -    0s
H    0     0                       3.9120860    0.00398   100%     -    0s
H    0     0                       3.8652172    0.06137  98.4%     -    1s
     0     0    0.88077    0   39    3.86522    0.88077  77.2%     -    1s
H    0     0                       3.8538101    0.88077  77.1%     -    1s
H    0     0                       3.8522317    0.88077  77.1%     -    1s
     0     0    0.88236    0   22    3.85223    0.88236  77.1%     -    1s
     0     0    0.88324    0   42    3.85223    0.88324  77.1%     -    1s
     0     0    1.75619    0   37    3.85223    1.75619  54.4%     -    1s
     0     0    1.75619    0   40    3.85223    1.75619  54.4%     -    2s
     0     0    1.75656    0   40    3.85223    1.75656  54.4%     -    2s
     0     0    1.75656    0   46    3.85223    1.75656  54.4%     -    2s
     0     0    1.75656    0   52    3.85223    1.75656  54.4%     -    2s
     0     0    1.75708    0   53    3.85223    1.75708  54.4%     -    2s
     0     0    1.75708    0   52    3.85223    1.75708  54.4%     -    2s
     0     2    1.75708    0   51    3.85223    1.75708  54.4%     -    3s
    88    77    2.76451    8   23    3.85223    1.75708  54.4%   336    5s
H  144    92                       3.8522317    1.75708  54.4%   274    6s
   402   288    2.37381   27   44    3.85223    1.75708  54.4%   202   10s
   765   398     cutoff   28         3.85223    1.75708  54.4%   189   15s
H 1176   471                       3.8522317    1.75708  54.4%   183   18s
  1254   498    2.88818   19   43    3.85223    1.75708  54.4%   182   20s
  2060   677     cutoff   22         3.85223    1.95493  49.3%   163   25s
  2610   855    2.89601   22   51    3.85223    2.10357  45.4%   152   30s
  2813   855     cutoff   26         3.85223    2.11878  45.0%   150   35s
  3265  1012 infeasible   23         3.85223    2.40187  37.6%   153   41s
  4091  1021    3.84579   43    4    3.85223    2.48234  35.6%   137   45s
  5398  1083    3.84321   45    6    3.85223    2.95796  23.2%   120   51s
  6806  2002    3.82329   43   10    3.85223    3.75507  2.52%   101   57s
  7788  2007    3.83914   74   51    3.85223    3.81581  0.95%  90.6   60s
  8208  2010    3.83885   51   10    3.85223    3.82586  0.68%  90.0   65s
  9604  2073    3.84614   65    7    3.85223    3.83328  0.49%  78.2   70s
 11019  1942    3.84743   68    5    3.85223    3.83613  0.42%  69.3   75s
 12698  1766     cutoff   52         3.85223    3.83813  0.37%  61.4   80s
 13747  1789    3.84349   59   11    3.85223    3.83920  0.34%  57.3   85s
 15275  2028    3.84978   49    3    3.85223    3.84055  0.30%  52.3   91s
 16912  2402     cutoff   55         3.85223    3.84207  0.26%  48.0   96s
 18420  2582    3.84308   51    7    3.85223    3.84224  0.26%  44.6  101s
 20115  2798    3.84821   58    4    3.85223    3.84286  0.24%  41.4  106s
 21890  2847    3.84790   53    7    3.85223    3.84335  0.23%  38.6  111s
 22985  2869    3.84393   46    7    3.85223    3.84381  0.22%  37.0  115s
 25067  2905    3.84485   61    5    3.85223    3.84470  0.20%  34.5  122s
 26627  2870    3.85058   52    4    3.85223    3.84546  0.18%  32.8  127s
 28283  2743    3.85055   55    4    3.85223    3.84631  0.15%  31.3  132s
 29168  2711    3.85162   48    5    3.85223    3.84633  0.15%  30.5  135s
 31092  2683    3.84704   56    5    3.85223    3.84692  0.14%  29.0  141s
 33110  2468    3.84821   51    4    3.85223    3.84715  0.13%  27.6  147s
 34213  2245     cutoff   64         3.85223    3.84744  0.12%  26.8  151s
 35347  1974     cutoff   59         3.85223    3.84772  0.12%  26.2  155s
 37612  1154    3.84985   63    3    3.85223    3.84939  0.07%  24.9  162s
 38982   709     cutoff   48         3.85223    3.85039  0.05%  24.2  166s
 40240   136    3.85133   60    3    3.85223    3.85132  0.02%  23.5  171s

Cutting planes:
  Cover: 8
  MIR: 9
  Flow cover: 33
  Flow path: 7
  Inf proof: 12
  Network: 8
  Relax-and-lift: 1

Explored 41697 nodes (961334 simplex iterations) in 171.85 seconds (103.45 work units)
Thread count was 18 (of 18 available processors)

Solution count 10: 3.85223 3.85223 3.85223 ... 5.09431

Optimal solution found (tolerance 1.00e-04)
Best objective 3.852231689250e+00, best bound 3.852041375304e+00, gap 0.0049%
