
Gurobi 12.0.2 (win64) logging started Tue Jun 10 20:04:02 2025

Set parameter LogFile to value "C:\Ioana\_uni\honours\slp\algorithm\Main_files\results\others\glucogenesis tasks\Task_003_Sample001_irr_gurobi.log"
Gurobi Optimizer version 12.0.2 build v12.0.2rc0 (win64 - Windows 11.0 (26100.2))

CPU model: Intel(R) Core(TM) Ultra 5 125H, instruction set [SSE2|AVX|AVX2]
Thread count: 14 physical cores, 18 logical processors, using up to 18 threads

Non-default parameters:
TimeLimit  2200

Optimize a model with 47226 rows, 34495 columns and 146682 nonzeros
Model fingerprint: 0xd81e86da
Variable types: 17250 continuous, 17245 integer (17245 binary)
Coefficient statistics:
  Matrix range     [1e-04, 8e+04]
  Objective range  [1e-04, 1e+01]
  Bounds range     [1e+00, 1e+03]
  RHS range        [1e+00, 1e+00]
Found heuristic solution: objective 0.0029420
Presolve removed 47226 rows and 34495 columns
Presolve time: 0.18s
Presolve: All rows and columns removed

Explored 0 nodes (0 simplex iterations) in 0.20 seconds (0.26 work units)
Thread count was 1 (of 18 available processors)

Solution count 1: 0.00294204 

Optimal solution found (tolerance 1.00e-04)
Best objective 2.942041776993e-03, best bound 2.942041776993e-03, gap 0.0000%
