
Gurobi 12.0.2 (win64) logging started Mon Nov 10 20:14:44 2025

Set parameter LogFile to value "C:\Ioana\_uni\honours\slp\algorithm\Main_files\results\respiration_paracetamol\Task_001_Sample001_irr_gurobi.log"
Gurobi Optimizer version 12.0.2 build v12.0.2rc0 (win64 - Windows 11.0 (26100.2))

CPU model: Intel(R) Core(TM) Ultra 5 125H, instruction set [SSE2|AVX|AVX2]
Thread count: 14 physical cores, 18 logical processors, using up to 18 threads

Non-default parameters:
TimeLimit  2200

Optimize a model with 47236 rows, 34506 columns and 146716 nonzeros
Model fingerprint: 0x55a21fc7
Variable types: 17257 continuous, 17249 integer (17249 binary)
Coefficient statistics:
  Matrix range     [1e-04, 8e+04]
  Objective range  [1e-04, 1e+01]
  Bounds range     [1e+00, 1e+03]
  RHS range        [1e+00, 1e+00]
Presolve removed 30791 rows and 21548 columns
Presolve time: 0.35s
Presolved: 16445 rows, 12958 columns, 54672 nonzeros
Variable types: 6415 continuous, 6543 integer (6543 binary)

Root relaxation: objective 3.242040e-01, 1824 iterations, 0.11 seconds (0.21 work units)

    Nodes    |    Current Node    |     Objective Bounds      |     Work
 Expl Unexpl |  Obj  Depth IntInf | Incumbent    BestBd   Gap | It/Node Time

     0     0    0.32420    0   42          -    0.32420      -     -    0s
H    0     0                      20.7017259    0.32420  98.4%     -    0s
     0     0   10.41859    0   55   20.70173   10.41859  49.7%     -    0s
H    0     0                      20.7017259   10.41859  49.7%     -    0s
     0     0   12.04869    0   63   20.70173   12.04869  41.8%     -    1s
     0     0   17.03610    0   63   20.70173   17.03610  17.7%     -    1s
     0     0   20.15218    0   84   20.70173   20.15218  2.65%     -    1s
     0     0   20.19606    0   85   20.70173   20.19606  2.44%     -    1s
     0     0   20.21421    0   94   20.70173   20.21421  2.35%     -    2s
     0     0   20.21476    0   94   20.70173   20.21476  2.35%     -    2s
     0     2   20.21476    0   94   20.70173   20.21476  2.35%     -    2s
   755   391   20.70010   56   17   20.70173   20.44646  1.23%  15.7    5s
  2997  1560   20.67470   57   15   20.70173   20.47512  1.09%  12.6   10s
  5414  2678   20.61968   47   94   20.70173   20.55176  0.72%  12.8   15s
H 5690  2695                      20.7017258   20.55654  0.70%  13.8   18s
  6445  2802   20.64077   36   11   20.70173   20.59469  0.52%  12.9   20s
  9485  2815   20.68852   46    8   20.70173   20.61679  0.41%  10.7   25s
 12445  3060   20.65148   41   11   20.70173   20.62640  0.36%   9.7   30s
 15241  3828     cutoff   47        20.70173   20.63096  0.34%   9.1   35s
 17858  4772   20.63830   36    8   20.70173   20.63413  0.33%   8.7   40s
 19999  5493     cutoff   45        20.70173   20.63967  0.30%   8.5   45s
 23311  6530   20.69126   46   10   20.70173   20.64131  0.29%   8.2   50s
 26548  7566   20.66992   46    7   20.70173   20.64425  0.28%   7.9   55s
 30385  8721   20.64817   43   12   20.70173   20.64810  0.26%   7.7   60s
 34867  9959   20.66914   47   13   20.70173   20.65033  0.25%   7.6   66s

Cutting planes:
  Lift-and-project: 1
  Flow cover: 3
  Network: 1

Explored 38684 nodes (294998 simplex iterations) in 70.57 seconds (42.92 work units)
Thread count was 18 (of 18 available processors)

Solution count 3: 20.7017 20.7017 20.7017 

Optimal solution found (tolerance 1.00e-04)
Best objective 2.070172585832e+01, best bound 2.070172584457e+01, gap 0.0000%
