
Gurobi 12.0.2 (win64) logging started Wed Jan  7 20:47:01 2026

Set parameter LogFile to value "C:\Ioana\_uni\honours\slp\algorithm\Main_files\results\arachidonic_acid_metabolism_hepato\Task_001_Sample003_irr_gurobi.log"
Gurobi Optimizer version 12.0.2 build v12.0.2rc0 (win64 - Windows 11.0 (26100.2))

CPU model: Intel(R) Core(TM) Ultra 5 125H, instruction set [SSE2|AVX|AVX2]
Thread count: 14 physical cores, 18 logical processors, using up to 18 threads

Non-default parameters:
TimeLimit  2200

Optimize a model with 47236 rows, 34511 columns and 146721 nonzeros
Model fingerprint: 0x8f037f8c
Variable types: 17262 continuous, 17249 integer (17249 binary)
Coefficient statistics:
  Matrix range     [1e-04, 8e+04]
  Objective range  [2e-05, 1e+01]
  Bounds range     [1e+00, 1e+03]
  RHS range        [1e+00, 1e+00]
Presolve removed 30837 rows and 21555 columns
Presolve time: 0.73s
Presolved: 16399 rows, 12956 columns, 54581 nonzeros
Variable types: 6413 continuous, 6543 integer (6543 binary)

Root relaxation: objective 1.209571e-02, 3530 iterations, 0.73 seconds (0.63 work units)

    Nodes    |    Current Node    |     Objective Bounds      |     Work
 Expl Unexpl |  Obj  Depth IntInf | Incumbent    BestBd   Gap | It/Node Time

     0     0    0.01210    0   53          -    0.01210      -     -    1s
H    0     0                      10.1739987    0.01210   100%     -    1s
H    0     0                       9.9100146    0.01210   100%     -    1s
H    0     0                       9.0369530    0.01210   100%     -    1s
H    0     0                       7.2805236    0.01210   100%     -    1s
H    0     0                       7.2805236    0.01210   100%     -    1s
H    0     0                       7.2796974    0.01210   100%     -    1s
H    0     0                       7.2795158    0.01210   100%     -    2s
     0     0    0.06102    0   69    7.27952    0.06102  99.2%     -    2s
     0     0    0.88832    0   72    7.27952    0.88832  87.8%     -    3s
     0     0    1.25000    0   67    7.27952    1.25000  82.8%     -    3s
     0     0    1.76552    0   69    7.27952    1.76552  75.7%     -    4s
     0     0    1.76552    0   72    7.27952    1.76552  75.7%     -    4s
     0     0    2.13348    0   80    7.27952    2.13348  70.7%     -    4s
     0     0    2.13349    0   80    7.27952    2.13349  70.7%     -    4s
     0     0    2.63842    0   95    7.27952    2.63842  63.8%     -    5s
     0     0    2.63842    0   92    7.27952    2.63842  63.8%     -    5s
     0     0    2.63842    0   92    7.27952    2.63842  63.8%     -    5s
     0     2    2.63842    0   92    7.27952    2.63842  63.8%     -    7s
H   40    44                       7.2795158    2.72758  62.5%   475    9s
   154   141    3.82836   15   57    7.27952    2.74535  62.3%   217   11s
H  260   166                       7.0767541    2.82922  60.0%   411   13s
   313   174 infeasible   20         7.07675    2.82922  60.0%   398   15s
H  323   174                       7.0722311    2.82922  60.0%   416   15s
   499   203    5.90728   11   47    7.07223    2.87477  59.4%   387   20s
H  592   218                       7.0722311    2.87477  59.4%   373   21s
   791   232    6.79437   14   41    7.07223    3.70891  47.6%   362   25s
  1048   169    5.93467   13   52    7.07223    5.34728  24.4%   370   31s
  1568   162    6.82654   21   53    7.07223    5.94199  16.0%   295   35s
H 2132   216                       7.0722311    6.69490  5.34%   237   38s
  2509   323    7.06986   39   19    7.07223    6.86321  2.96%   213   41s
  3251   373    6.98305   28   27    7.07223    6.95112  1.71%   179   46s
  4124   401     cutoff   37         7.07223    6.98409  1.25%   153   51s
  5135   459    7.04584   35   26    7.07223    7.04071  0.45%   135   56s
  6615   971    7.05912   48   27    7.07223    7.05139  0.29%   111   61s
  8229  1233    7.06697   40   92    7.07223    7.05828  0.20%  92.4   65s
  8235  1237    7.06433   51   64    7.07223    7.05828  0.20%  92.3   70s
  8329  1225 infeasible   21         7.07223    7.05828  0.20%  94.0   75s
  8671  1186    7.07105   37   17    7.07223    7.05828  0.20%  94.0   80s
  9218  1088     cutoff   35         7.07223    7.05828  0.20%  91.5   85s
  9743   976 infeasible   48         7.07223    7.05828  0.20%  90.2   90s
 10357   990    7.06586   63    6    7.07223    7.05828  0.20%  86.5   95s
 11146  1038    7.06374   48    7    7.07223    7.05828  0.20%  82.0  100s
 12210  1131     cutoff   43         7.07223    7.05903  0.19%  76.5  105s
 13512  1702    7.07196   65   14    7.07223    7.05988  0.17%  70.5  111s
 14704  2074    7.06037   53   11    7.07223    7.06032  0.17%  65.8  116s
 15692  2386    7.06548   57    7    7.07223    7.06035  0.17%  62.6  121s
 16601  2716    7.06675   64    5    7.07223    7.06118  0.16%  59.8  125s
 18019  3013    7.06671   63    4    7.07223    7.06170  0.15%  56.0  130s
 18793  3267    7.07189   56    8    7.07223    7.06174  0.15%  54.2  136s
 19406  3398    7.06506   53    6    7.07223    7.06267  0.14%  52.9  140s
 20580  3355     cutoff   64         7.07223    7.06269  0.13%  50.7  147s
 21106  3371 infeasible   65         7.07223    7.06269  0.13%  49.9  150s
 22181  3464     cutoff   54         7.07223    7.06303  0.13%  48.3  157s
 22861  3485    7.07012   63    6    7.07223    7.06350  0.12%  47.3  161s
 23457  3612    7.06877   60    7    7.07223    7.06374  0.12%  46.4  167s
 24198  3775     cutoff   59         7.07223    7.06405  0.12%  45.5  172s
 25053  3864     cutoff   64         7.07223    7.06420  0.11%  44.2  179s
 25849  3835    7.07036   54   10    7.07223    7.06421  0.11%  43.2  185s
 26676  3815     cutoff   62         7.07223    7.06435  0.11%  42.2  191s
 27481  3917    7.07007   53    6    7.07223    7.06458  0.11%  41.3  196s
 28394  3922     cutoff   62         7.07223    7.06505  0.10%  40.3  200s
 29184  3856     cutoff   65         7.07223    7.06506  0.10%  39.7  205s
 31005  3917     cutoff   52         7.07223    7.06532  0.10%  38.0  214s
 31932  3941    7.07041   58    5    7.07223    7.06536  0.10%  37.2  219s
 32986  3961    7.07042   58    6    7.07223    7.06538  0.10%  36.4  224s
 34049  3893     cutoff   63         7.07223    7.06542  0.10%  35.6  229s
 35085  3982    7.06620   44   11    7.07223    7.06546  0.10%  35.0  233s
 36293  4034     cutoff   50         7.07223    7.06619  0.09%  34.2  238s
 37468  4103     cutoff   59         7.07223    7.06621  0.09%  33.5  242s
 38719  4077    7.07175   59    7    7.07223    7.06642  0.08%  32.7  248s
 40469  3822     cutoff   45         7.07223    7.06672  0.08%  31.6  253s
 41800  3407    7.07204   54    6    7.07223    7.06699  0.07%  30.9  257s
 43125  3037    7.06821   48    7    7.07223    7.06774  0.06%  30.2  262s
 44514  2488 infeasible   57         7.07223    7.06906  0.04%  29.6  267s
 46027  1830     cutoff   51         7.07223    7.06962  0.04%  28.9  272s
 47473  1288    7.07039   51    3    7.07223    7.07007  0.03%  28.3  297s
 48820   769     cutoff   57         7.07223    7.07042  0.03%  27.8  302s
 50316   539     cutoff   56         7.07223    7.07121  0.01%  27.2  309s

Cutting planes:
  Cover: 8
  MIR: 3
  Flow cover: 72
  Flow path: 8
  Inf proof: 18
  Network: 68

Explored 50866 nodes (1380572 simplex iterations) in 309.57 seconds (142.91 work units)
Thread count was 18 (of 18 available processors)

Solution count 10: 7.07223 7.07223 7.07223 ... 9.91001

Optimal solution found (tolerance 1.00e-04)
Best objective 7.072231084859e+00, best bound 7.071550913444e+00, gap 0.0096%
