
Gurobi 12.0.2 (win64) logging started Wed Dec 10 17:18:37 2025

Set parameter LogFile to value "C:\Ioana\_uni\honours\slp\algorithm\Main_files\results\arachidonic_acid_metabolism\Task_001_Sample005_irr_gurobi.log"
Gurobi Optimizer version 12.0.2 build v12.0.2rc0 (win64 - Windows 11.0 (26100.2))

CPU model: Intel(R) Core(TM) Ultra 5 125H, instruction set [SSE2|AVX|AVX2]
Thread count: 14 physical cores, 18 logical processors, using up to 18 threads

Non-default parameters:
TimeLimit  2200

Optimize a model with 47236 rows, 34511 columns and 146721 nonzeros
Model fingerprint: 0x080b3d9b
Variable types: 17262 continuous, 17249 integer (17249 binary)
Coefficient statistics:
  Matrix range     [1e-04, 8e+04]
  Objective range  [1e-04, 9e-01]
  Bounds range     [1e+00, 1e+03]
  RHS range        [1e+00, 1e+00]
Presolve removed 30787 rows and 21555 columns
Presolve time: 0.36s
Presolved: 16449 rows, 12956 columns, 54677 nonzeros
Variable types: 6413 continuous, 6543 integer (6543 binary)

Root relaxation: objective 3.840379e-03, 3295 iterations, 0.35 seconds (0.58 work units)

    Nodes    |    Current Node    |     Objective Bounds      |     Work
 Expl Unexpl |  Obj  Depth IntInf | Incumbent    BestBd   Gap | It/Node Time

     0     0    0.00384    0   43          -    0.00384      -     -    0s
H    0     0                       4.1811488    0.00384   100%     -    0s
H    0     0                       4.1662570    0.00384   100%     -    0s
H    0     0                       4.1497482    0.00384   100%     -    0s
     0     0    1.76614    0   55    4.14975    1.76614  57.4%     -    1s
H    0     0                       4.1272849    1.76614  57.2%     -    1s
H    0     0                       4.1266892    1.76614  57.2%     -    1s
H    0     0                       4.1263540    1.76614  57.2%     -    1s
     0     0    2.64797    0   56    4.12635    2.64797  35.8%     -    1s
     0     0    3.52156    0   48    4.12635    3.52156  14.7%     -    2s
     0     0    3.52161    0   52    4.12635    3.52161  14.7%     -    2s
     0     0    3.62037    0   67    4.12635    3.62037  12.3%     -    2s
     0     0    3.64417    0   65    4.12635    3.64417  11.7%     -    3s
H    0     0                       4.0668212    3.66680  9.84%     -    4s
     0     0    3.69207    0   90    4.06682    3.69207  9.21%     -    4s
     0     0    3.69209    0   83    4.06682    3.69209  9.21%     -    4s
     0     0    3.69215    0   81    4.06682    3.69215  9.21%     -    4s
     0     0    3.69215    0   81    4.06682    3.69215  9.21%     -    4s
     0     2    3.69215    0   81    4.06682    3.69215  9.21%     -    5s
   188    72    3.86396   15   34    4.06682    3.69215  9.21%   175   10s
H  278    97                       4.0668212    3.69215  9.21%   170   12s
   575   224    3.88947   12   30    4.06682    3.83687  5.65%   114   15s
  1067   411    3.95356   20   19    4.06682    3.85953  5.10%  82.6   20s
  1916   666    4.06600   28   22    4.06682    3.90646  3.94%  70.6   25s
  2899   933    4.01761   25   18    4.06682    3.94916  2.89%  63.0   30s
  4094  1243     cutoff   23         4.06682    3.97122  2.35%  56.6   35s
  5270  1561    4.05147   24   40    4.06682    3.98806  1.94%  52.9   41s
  6349  2011    4.05839   36   16    4.06682    3.99499  1.77%  48.7   45s
  7070  2174    4.00316   28   40    4.06682    3.99644  1.73%  47.5   50s
  7143  2200     cutoff   18         4.06682    3.99644  1.73%  49.3   55s
  7377  2214    3.99644   30   72    4.06682    3.99644  1.73%  50.1   60s
  7762  2210    3.99644   28   71    4.06682    3.99644  1.73%  53.0   65s
  8253  2171    3.99644   22   67    4.06682    3.99644  1.73%  54.2   70s
  8883  2108 infeasible   26         4.06682    3.99644  1.73%  58.5   75s
  9674  1977    3.99644   29   56    4.06682    3.99644  1.73%  61.8   80s
 10572  1689    3.99644   22   60    4.06682    3.99644  1.73%  63.9   86s
H10603  1569                       4.0668212    3.99644  1.73%  64.0   86s
 11304  1379     cutoff   26         4.06682    3.99644  1.73%  64.8   90s
 11615  1220 infeasible   28         4.06682    3.99644  1.73%  66.7   96s
 11862  1029 infeasible   28         4.06682    3.99644  1.73%  67.2  100s
 12930   689     cutoff   28         4.06682    3.99644  1.73%  67.3  107s
 13016   792    4.06428   31   40    4.06682    3.99644  1.73%  67.0  110s
 14028  1205     cutoff   55         4.06682    3.99644  1.73%  63.8  115s
 15495  1931    4.04100   45   10    4.06682    3.99698  1.72%  59.8  120s
 17126  2663    4.03960   47   10    4.06682    4.00072  1.63%  55.7  125s
 19014  3336    4.03595   56   13    4.06682    4.00626  1.49%  51.4  131s
 19940  3743    4.06362   38   19    4.06682    4.00680  1.48%  49.7  135s
 22452  4498    4.02415   48   14    4.06682    4.00973  1.40%  45.9  141s
 23793  4819    4.03416   49   13    4.06682    4.01088  1.38%  44.4  145s
H24263  4988                       4.0668211    4.01142  1.36%  43.9  148s
 24348  5325    4.05595   48   11    4.06682    4.01142  1.36%  43.8  150s
 26258  5820    4.03468   42   11    4.06682    4.01280  1.33%  41.3  156s
 28126  6326 infeasible   50         4.06682    4.01355  1.31%  39.3  161s
 29873  6709    4.03800   46   10    4.06682    4.01570  1.26%  38.0  166s
 31828  7228    4.04185   45    9    4.06682    4.01713  1.22%  36.8  172s
 32863  7482    4.06231   48   11    4.06682    4.01819  1.20%  36.2  175s
 35429  8053     cutoff   51         4.06682    4.01910  1.17%  34.6  182s
 36777  8204     cutoff   53         4.06682    4.01947  1.16%  33.8  186s
 38105  8546    4.05226   67    7    4.06682    4.01988  1.15%  33.2  190s
 39428  9065    4.04443   51   13    4.06682    4.02123  1.12%  32.7  197s
 41518  9419     cutoff   52         4.06682    4.02273  1.08%  31.8  201s
 42995  9674    4.04100   43    8    4.06682    4.02371  1.06%  31.3  207s
 44681  9863     cutoff   55         4.06682    4.02461  1.04%  30.5  212s
 46185 10073    4.04592   69    5    4.06682    4.02515  1.02%  30.0  216s
 47533 10282    4.04230   54   10    4.06682    4.02574  1.01%  29.6  220s
 49093 10684     cutoff   46         4.06682    4.02686  0.98%  29.0  225s
 52048 11315    4.03997   42   10    4.06682    4.02840  0.94%  28.2  233s
 53589 11767     cutoff   64         4.06682    4.02905  0.93%  27.7  238s
 55103 12104    4.04842   37   17    4.06682    4.02931  0.92%  27.3  242s
 56672 12396     cutoff   44         4.06682    4.02991  0.91%  27.0  246s
 58204 12744    4.04437   42   31    4.06682    4.03049  0.89%  26.6  250s
 59663 13331    4.05638   56    8    4.06682    4.03148  0.87%  26.2  256s
 61743 13678    4.05671   46    3    4.06682    4.03194  0.86%  25.6  260s
 64543 14360    4.03330   41   26    4.06682    4.03270  0.84%  25.0  268s
 66169 14663     cutoff   52         4.06682    4.03341  0.82%  24.7  272s
 67785 14686     cutoff   61         4.06682    4.03386  0.81%  24.3  276s
 68802 14852    4.05404   35   36    4.06682    4.03406  0.81%  24.2  281s
 70466 14794    4.05748   49    5    4.06682    4.03449  0.79%  23.8  286s
 72129 15078    4.05677   48   15    4.06682    4.03481  0.79%  23.5  290s
 73587 15173     cutoff   48         4.06682    4.03497  0.78%  23.3  295s
 76862 15555    4.05102   47    5    4.06682    4.03588  0.76%  22.8  303s
 78504 15763     cutoff   41         4.06682    4.03633  0.75%  22.5  306s
 80044 16276     cutoff   44         4.06682    4.03677  0.74%  22.3  312s
 82064 16604    4.04041   33   26    4.06682    4.03719  0.73%  22.0  316s
 83517 16833    4.05294   40   13    4.06682    4.03742  0.72%  21.7  320s
 86428 17165     cutoff   40         4.06682    4.03833  0.70%  21.4  328s
 87945 17356     cutoff   38         4.06682    4.03862  0.69%  21.2  332s
 89512 17711 infeasible   45         4.06682    4.03922  0.68%  21.0  335s
 92599 18138    4.06231   50   13    4.06682    4.03957  0.67%  20.6  343s
 94180 18278    4.06288   41   10    4.06682    4.03993  0.66%  20.4  347s
 95730 18248     cutoff   52         4.06682    4.04030  0.65%  20.3  351s
 97225 18321 infeasible   48         4.06682    4.04069  0.64%  20.1  355s
 98687 18356     cutoff   54         4.06682    4.04096  0.64%  20.0  360s
 99877 18324    4.06323   47   11    4.06682    4.04100  0.63%  19.9  365s
 103281 18419     cutoff   58         4.06682    4.04161  0.62%  19.6  374s
 104834 18693    4.05722   55    6    4.06682    4.04202  0.61%  19.4  378s
 106499 18875     cutoff   61         4.06682    4.04230  0.60%  19.2  382s
 108092 18947    4.04344   41    9    4.06682    4.04255  0.60%  19.1  386s
 111162 19312     cutoff   44         4.06682    4.04310  0.58%  18.8  393s
 112686 19503    4.04923   43    9    4.06682    4.04341  0.58%  18.7  396s
 114169 19640    4.04397   60    7    4.06682    4.04354  0.57%  18.6  400s
 117234 19749    4.05929   62    8    4.06682    4.04428  0.55%  18.4  409s
 117954 19684 infeasible   42         4.06682    4.04449  0.55%  18.3  413s
 119328 19457 infeasible   42         4.06682    4.04463  0.55%  18.2  417s
 120867 19621    4.05473   43    6    4.06682    4.04499  0.54%  18.2  421s
 122433 19832    4.04938   47   11    4.06682    4.04537  0.53%  18.1  426s
 124337 19887    4.06070   62    7    4.06682    4.04539  0.53%  17.9  431s
 125907 20006    4.04617   45   10    4.06682    4.04596  0.51%  17.8  435s
 128868 20067    4.05619   49    6    4.06682    4.04659  0.50%  17.6  442s
 130347 20019    4.06613   64    2    4.06682    4.04679  0.49%  17.5  446s
 131890 20181    4.04716   45    9    4.06682    4.04704  0.49%  17.4  450s
 134966 20100     cutoff   44         4.06682    4.04748  0.48%  17.2  458s
 136437 20345    4.05251   43    6    4.06682    4.04791  0.46%  17.1  462s
 137862 20566    4.06325   48   13    4.06682    4.04816  0.46%  17.0  465s
 140838 20396     cutoff   39         4.06682    4.04865  0.45%  16.8  473s
 142263 20510 infeasible   56         4.06682    4.04892  0.44%  16.8  477s
 143695 20493     cutoff   50         4.06682    4.04922  0.43%  16.7  482s
 145495 20511    4.04991   61   12    4.06682    4.04948  0.43%  16.6  485s
 148693 20717    4.06535   49    7    4.06682    4.05021  0.41%  16.4  493s
 150184 20957    4.06132   64    4    4.06682    4.05037  0.40%  16.3  497s
 151697 20770    4.06027   47   18    4.06682    4.05068  0.40%  16.3  501s
 153183 20804    4.06453   37   14    4.06682    4.05086  0.39%  16.2  505s
 156096 20605     cutoff   51         4.06682    4.05137  0.38%  16.1  512s
 157565 20331    4.06657   66    3    4.06682    4.05171  0.37%  16.0  516s
 159069 20354     cutoff   56         4.06682    4.05203  0.36%  16.0  520s
 162258 20175    4.05994   47   10    4.06682    4.05255  0.35%  15.8  528s
 163865 20214    4.05328   37    7    4.06682    4.05289  0.34%  15.8  533s
 165484 20467     cutoff   39         4.06682    4.05324  0.33%  15.7  539s
 167400 20416 infeasible   53         4.06682    4.05348  0.33%  15.6  543s
 167826 20047     cutoff   50         4.06682    4.05352  0.33%  15.6  548s
 169602 19911     cutoff   37         4.06682    4.05401  0.32%  15.5  553s
 171315 19957    4.06228   64    3    4.06682    4.05444  0.30%  15.5  558s
 173079 20063     cutoff   55         4.06682    4.05475  0.30%  15.4  563s
 174786 20103     cutoff   67         4.06682    4.05504  0.29%  15.3  567s
 176314 19748     cutoff   63         4.06682    4.05523  0.29%  15.2  572s
 177834 19448     cutoff   62         4.06682    4.05563  0.28%  15.2  577s
 179369 19022    4.05607   44   29    4.06682    4.05583  0.27%  15.1  583s
 180809 18799     cutoff   44         4.06682    4.05601  0.27%  15.1  588s
 182331 18718     cutoff   56         4.06682    4.05642  0.26%  15.1  594s
 184068 18400     cutoff   61         4.06682    4.05667  0.25%  15.0  599s
 185607 18267    4.05706   49    6    4.06682    4.05692  0.24%  14.9  604s
 187201 18122 infeasible   42         4.06682    4.05721  0.24%  14.9  609s
 188743 18025    4.05748   62    5    4.06682    4.05740  0.23%  14.8  613s
 190108 17717     cutoff   53         4.06682    4.05754  0.23%  14.8  619s
 191722 17390     cutoff   45         4.06682    4.05787  0.22%  14.7  624s
 193296 17083     cutoff   46         4.06682    4.05806  0.22%  14.7  629s
 194841 16760     cutoff   54         4.06682    4.05825  0.21%  14.6  634s
 196505 16222     cutoff   52         4.06682    4.05854  0.20%  14.6  639s
 198043 16028    4.06659   50   21    4.06682    4.05874  0.20%  14.5  644s
 199654 15505    4.06424   59    2    4.06682    4.05906  0.19%  14.5  649s
 201178 14746     cutoff   45         4.06682    4.05934  0.18%  14.5  654s
 202629 13991    4.05974   49    9    4.06682    4.05969  0.18%  14.4  659s
 204142 13397     cutoff   70         4.06682    4.06002  0.17%  14.4  664s
 205566 12794    4.06058   43    8    4.06682    4.06042  0.16%  14.4  669s
 206931 11873     cutoff   63         4.06682    4.06074  0.15%  14.3  674s
 208374 11082     cutoff   49         4.06682    4.06114  0.14%  14.3  679s
 209855 10077    4.06185   58    6    4.06682    4.06144  0.13%  14.3  685s
 211377  9110     cutoff   45         4.06682    4.06185  0.12%  14.3  690s
 212819  7824     cutoff   63         4.06682    4.06215  0.11%  14.3  696s
 214430  6627     cutoff   59         4.06682    4.06251  0.11%  14.2  703s
 216089  5507     cutoff   43         4.06682    4.06321  0.09%  14.1  709s
 217663  4194     cutoff   56         4.06682    4.06370  0.08%  14.1  717s
 219186  2980     cutoff   42         4.06682    4.06419  0.06%  14.1  724s
 220549  1614     cutoff   57         4.06682    4.06438  0.06%  14.0  730s
 222213   764 infeasible   52         4.06682    4.06557  0.03%  14.0  737s
 223288     0     cutoff   45         4.06682    4.06614  0.02%  13.9  740s

Cutting planes:
  Cover: 7
  MIR: 1
  Flow cover: 10
  Flow path: 1
  Inf proof: 18
  Network: 5

Explored 224142 nodes (3125424 simplex iterations) in 740.92 seconds (272.41 work units)
Thread count was 18 (of 18 available processors)

Solution count 9: 4.06682 4.06682 4.06682 ... 4.18115

Optimal solution found (tolerance 1.00e-04)
Best objective 4.066821187756e+00, best bound 4.066821129960e+00, gap 0.0000%
